\BOOKMARK [0][]{chapter.1}{1 Introduction}{}% 1
\BOOKMARK [1][-]{section.1.1}{1.1 Contribution}{chapter.1}% 2
\BOOKMARK [1][-]{section.1.2}{1.2 Outline}{chapter.1}% 3
\BOOKMARK [0][]{chapter.2}{2 Background}{}% 4
\BOOKMARK [1][-]{section.2.1}{2.1 Event Based Systems}{chapter.2}% 5
\BOOKMARK [2][-]{subsection.2.1.1}{2.1.1 Events}{section.2.1}% 6
\BOOKMARK [2][-]{subsection.2.1.2}{2.1.2 Event Processing}{section.2.1}% 7
\BOOKMARK [2][-]{subsection.2.1.3}{2.1.3 Complex Event Processing}{section.2.1}% 8
\BOOKMARK [1][-]{section.2.2}{2.2 Trust Framework}{chapter.2}% 9
\BOOKMARK [2][-]{subsection.2.2.1}{2.2.1 Trust Model}{section.2.2}% 10
\BOOKMARK [1][-]{section.2.3}{2.3 Mobile Adhoc Networks}{chapter.2}% 11
\BOOKMARK [1][-]{section.2.4}{2.4 Sensing Infrastructure}{chapter.2}% 12
\BOOKMARK [0][]{chapter.3}{3 Related work}{}% 13
\BOOKMARK [1][-]{section.3.1}{3.1 Operator Placement}{chapter.3}% 14
\BOOKMARK [2][-]{subsection.3.1.1}{3.1.1 Operator placement in stationary or quasi-stationary environments}{section.3.1}% 15
\BOOKMARK [2][-]{subsection.3.1.2}{3.1.2 Operator placement in mobile environments}{section.3.1}% 16
\BOOKMARK [1][-]{section.3.2}{3.2 Event Privacy Preservation}{chapter.3}% 17
\BOOKMARK [2][-]{subsection.3.2.1}{3.2.1 Privacy through event-flow control}{section.3.2}% 18
\BOOKMARK [2][-]{subsection.3.2.2}{3.2.2 Privacy through experience-based trust modelling}{section.3.2}% 19
\BOOKMARK [2][-]{subsection.3.2.3}{3.2.3 Alternate approaches for privacy preservation}{section.3.2}% 20
\BOOKMARK [1][-]{section.3.3}{3.3 Social interaction based Trust Modelling}{chapter.3}% 21
\BOOKMARK [0][]{dummy.1}{Bibliography}{}% 22
